[10-Dec-2021 16:40:58 America/New_York] PHP Warning:  require(/home/fileufdy/apkstore.live/./lapp/vendor/autoload.php): failed to open stream: No such file or directory in /home/fileufdy/apkstore.live/index.php on line 24
[10-Dec-2021 16:40:58 America/New_York] PHP Fatal error:  require(): Failed opening required '/home/fileufdy/apkstore.live/./lapp/vendor/autoload.php' (include_path='.:/opt/alt/php74/usr/share/pear') in /home/fileufdy/apkstore.live/index.php on line 24
[10-Dec-2021 16:41:12 America/New_York] PHP Warning:  require(/home/fileufdy/apkstore.live/./lapp/vendor/autoload.php): failed to open stream: No such file or directory in /home/fileufdy/apkstore.live/index.php on line 24
[10-Dec-2021 16:41:12 America/New_York] PHP Fatal error:  require(): Failed opening required '/home/fileufdy/apkstore.live/./lapp/vendor/autoload.php' (include_path='.:/opt/alt/php74/usr/share/pear') in /home/fileufdy/apkstore.live/index.php on line 24
[10-Dec-2021 16:41:12 America/New_York] PHP Warning:  require(/home/fileufdy/apkstore.live/./lapp/vendor/autoload.php): failed to open stream: No such file or directory in /home/fileufdy/apkstore.live/index.php on line 24
[10-Dec-2021 16:41:12 America/New_York] PHP Fatal error:  require(): Failed opening required '/home/fileufdy/apkstore.live/./lapp/vendor/autoload.php' (include_path='.:/opt/alt/php74/usr/share/pear') in /home/fileufdy/apkstore.live/index.php on line 24
[10-Dec-2021 21:41:41 UTC] PHP Fatal error:  Uncaught ReflectionException: Class view does not exist in /home/fileufdy/apkstore.live/lapp/vendor/laravel/framework/src/Illuminate/Container/Container.php:788
Stack trace:
#0 /home/fileufdy/apkstore.live/lapp/vendor/laravel/framework/src/Illuminate/Container/Container.php(788): ReflectionClass->__construct('view')
#1 /home/fileufdy/apkstore.live/lapp/vendor/laravel/framework/src/Illuminate/Container/Container.php(667): Illuminate\Container\Container->build('view')
#2 /home/fileufdy/apkstore.live/lapp/vendor/laravel/framework/src/Illuminate/Container/Container.php(615): Illuminate\Container\Container->resolve('view', Array)
#3 /home/fileufdy/apkstore.live/lapp/vendor/laravel/framework/src/Illuminate/Foundation/Application.php(767): Illuminate\Container\Container->make('view', Array)
#4 /home/fileufdy/apkstore.live/lapp/vendor/laravel/framework/src/Illuminate/Container/Container.php(1227): Illuminate\Foundation\Application->make('view')
#5 /home/fileufdy/apkstore.live/lapp/vendor/laravel/framework/src/Illumin in /home/fileufdy/apkstore.live/lapp/vendor/laravel/framework/src/Illuminate/Container/Container.php on line 788
[10-Dec-2021 21:41:45 UTC] PHP Fatal error:  Uncaught ReflectionException: Class view does not exist in /home/fileufdy/apkstore.live/lapp/vendor/laravel/framework/src/Illuminate/Container/Container.php:788
Stack trace:
#0 /home/fileufdy/apkstore.live/lapp/vendor/laravel/framework/src/Illuminate/Container/Container.php(788): ReflectionClass->__construct('view')
#1 /home/fileufdy/apkstore.live/lapp/vendor/laravel/framework/src/Illuminate/Container/Container.php(667): Illuminate\Container\Container->build('view')
#2 /home/fileufdy/apkstore.live/lapp/vendor/laravel/framework/src/Illuminate/Container/Container.php(615): Illuminate\Container\Container->resolve('view', Array)
#3 /home/fileufdy/apkstore.live/lapp/vendor/laravel/framework/src/Illuminate/Foundation/Application.php(767): Illuminate\Container\Container->make('view', Array)
#4 /home/fileufdy/apkstore.live/lapp/vendor/laravel/framework/src/Illuminate/Container/Container.php(1227): Illuminate\Foundation\Application->make('view')
#5 /home/fileufdy/apkstore.live/lapp/vendor/laravel/framework/src/Illumin in /home/fileufdy/apkstore.live/lapp/vendor/laravel/framework/src/Illuminate/Container/Container.php on line 788
[10-Dec-2021 21:41:45 UTC] PHP Fatal error:  Uncaught ReflectionException: Class view does not exist in /home/fileufdy/apkstore.live/lapp/vendor/laravel/framework/src/Illuminate/Container/Container.php:788
Stack trace:
#0 /home/fileufdy/apkstore.live/lapp/vendor/laravel/framework/src/Illuminate/Container/Container.php(788): ReflectionClass->__construct('view')
#1 /home/fileufdy/apkstore.live/lapp/vendor/laravel/framework/src/Illuminate/Container/Container.php(667): Illuminate\Container\Container->build('view')
#2 /home/fileufdy/apkstore.live/lapp/vendor/laravel/framework/src/Illuminate/Container/Container.php(615): Illuminate\Container\Container->resolve('view', Array)
#3 /home/fileufdy/apkstore.live/lapp/vendor/laravel/framework/src/Illuminate/Foundation/Application.php(767): Illuminate\Container\Container->make('view', Array)
#4 /home/fileufdy/apkstore.live/lapp/vendor/laravel/framework/src/Illuminate/Container/Container.php(1227): Illuminate\Foundation\Application->make('view')
#5 /home/fileufdy/apkstore.live/lapp/vendor/laravel/framework/src/Illumin in /home/fileufdy/apkstore.live/lapp/vendor/laravel/framework/src/Illuminate/Container/Container.php on line 788
[10-Dec-2021 21:42:36 UTC] PHP Fatal error:  Uncaught ReflectionException: Class view does not exist in /home/fileufdy/apkstore.live/lapp/vendor/laravel/framework/src/Illuminate/Container/Container.php:788
Stack trace:
#0 /home/fileufdy/apkstore.live/lapp/vendor/laravel/framework/src/Illuminate/Container/Container.php(788): ReflectionClass->__construct('view')
#1 /home/fileufdy/apkstore.live/lapp/vendor/laravel/framework/src/Illuminate/Container/Container.php(667): Illuminate\Container\Container->build('view')
#2 /home/fileufdy/apkstore.live/lapp/vendor/laravel/framework/src/Illuminate/Container/Container.php(615): Illuminate\Container\Container->resolve('view', Array)
#3 /home/fileufdy/apkstore.live/lapp/vendor/laravel/framework/src/Illuminate/Foundation/Application.php(767): Illuminate\Container\Container->make('view', Array)
#4 /home/fileufdy/apkstore.live/lapp/vendor/laravel/framework/src/Illuminate/Container/Container.php(1227): Illuminate\Foundation\Application->make('view')
#5 /home/fileufdy/apkstore.live/lapp/vendor/laravel/framework/src/Illumin in /home/fileufdy/apkstore.live/lapp/vendor/laravel/framework/src/Illuminate/Container/Container.php on line 788
[10-Dec-2021 21:42:40 UTC] PHP Fatal error:  Uncaught ReflectionException: Class view does not exist in /home/fileufdy/apkstore.live/lapp/vendor/laravel/framework/src/Illuminate/Container/Container.php:788
Stack trace:
#0 /home/fileufdy/apkstore.live/lapp/vendor/laravel/framework/src/Illuminate/Container/Container.php(788): ReflectionClass->__construct('view')
#1 /home/fileufdy/apkstore.live/lapp/vendor/laravel/framework/src/Illuminate/Container/Container.php(667): Illuminate\Container\Container->build('view')
#2 /home/fileufdy/apkstore.live/lapp/vendor/laravel/framework/src/Illuminate/Container/Container.php(615): Illuminate\Container\Container->resolve('view', Array)
#3 /home/fileufdy/apkstore.live/lapp/vendor/laravel/framework/src/Illuminate/Foundation/Application.php(767): Illuminate\Container\Container->make('view', Array)
#4 /home/fileufdy/apkstore.live/lapp/vendor/laravel/framework/src/Illuminate/Container/Container.php(1227): Illuminate\Foundation\Application->make('view')
#5 /home/fileufdy/apkstore.live/lapp/vendor/laravel/framework/src/Illumin in /home/fileufdy/apkstore.live/lapp/vendor/laravel/framework/src/Illuminate/Container/Container.php on line 788
[10-Dec-2021 21:43:11 UTC] PHP Fatal error:  Uncaught ReflectionException: Class view does not exist in /home/fileufdy/apkstore.live/lapp/vendor/laravel/framework/src/Illuminate/Container/Container.php:788
Stack trace:
#0 /home/fileufdy/apkstore.live/lapp/vendor/laravel/framework/src/Illuminate/Container/Container.php(788): ReflectionClass->__construct('view')
#1 /home/fileufdy/apkstore.live/lapp/vendor/laravel/framework/src/Illuminate/Container/Container.php(667): Illuminate\Container\Container->build('view')
#2 /home/fileufdy/apkstore.live/lapp/vendor/laravel/framework/src/Illuminate/Container/Container.php(615): Illuminate\Container\Container->resolve('view', Array)
#3 /home/fileufdy/apkstore.live/lapp/vendor/laravel/framework/src/Illuminate/Foundation/Application.php(767): Illuminate\Container\Container->make('view', Array)
#4 /home/fileufdy/apkstore.live/lapp/vendor/laravel/framework/src/Illuminate/Container/Container.php(1227): Illuminate\Foundation\Application->make('view')
#5 /home/fileufdy/apkstore.live/lapp/vendor/laravel/framework/src/Illumin in /home/fileufdy/apkstore.live/lapp/vendor/laravel/framework/src/Illuminate/Container/Container.php on line 788
[10-Dec-2021 21:43:33 UTC] PHP Fatal error:  Uncaught ReflectionException: Class view does not exist in /home/fileufdy/apkstore.live/lapp/vendor/laravel/framework/src/Illuminate/Container/Container.php:788
Stack trace:
#0 /home/fileufdy/apkstore.live/lapp/vendor/laravel/framework/src/Illuminate/Container/Container.php(788): ReflectionClass->__construct('view')
#1 /home/fileufdy/apkstore.live/lapp/vendor/laravel/framework/src/Illuminate/Container/Container.php(667): Illuminate\Container\Container->build('view')
#2 /home/fileufdy/apkstore.live/lapp/vendor/laravel/framework/src/Illuminate/Container/Container.php(615): Illuminate\Container\Container->resolve('view', Array)
#3 /home/fileufdy/apkstore.live/lapp/vendor/laravel/framework/src/Illuminate/Foundation/Application.php(767): Illuminate\Container\Container->make('view', Array)
#4 /home/fileufdy/apkstore.live/lapp/vendor/laravel/framework/src/Illuminate/Container/Container.php(1227): Illuminate\Foundation\Application->make('view')
#5 /home/fileufdy/apkstore.live/lapp/vendor/laravel/framework/src/Illumin in /home/fileufdy/apkstore.live/lapp/vendor/laravel/framework/src/Illuminate/Container/Container.php on line 788
[10-Dec-2021 16:44:24 America/New_York] PHP Fatal error:  Uncaught Error: Call to undefined function Symfony\Component\HttpFoundation\str_starts_with() in /home/fileufdy/apkstore.live/lapp/vendor/symfony/http-foundation/ServerBag.php:32
Stack trace:
#0 /home/fileufdy/apkstore.live/lapp/vendor/symfony/http-foundation/Request.php(271): Symfony\Component\HttpFoundation\ServerBag->getHeaders()
#1 /home/fileufdy/apkstore.live/lapp/vendor/symfony/http-foundation/Request.php(247): Symfony\Component\HttpFoundation\Request->initialize(Array, Array, Array, Array, Array, Array, NULL)
#2 /home/fileufdy/apkstore.live/lapp/vendor/symfony/http-foundation/Request.php(1977): Symfony\Component\HttpFoundation\Request->__construct(Array, Array, Array, Array, Array, Array, NULL)
#3 /home/fileufdy/apkstore.live/lapp/vendor/symfony/http-foundation/Request.php(293): Symfony\Component\HttpFoundation\Request::createRequestFromFactory(Array, Array, Array, Array, Array, Array)
#4 /home/fileufdy/apkstore.live/lapp/vendor/laravel/framework/src/Illuminate/Http/Request.php(59): Symfony\Component\H in /home/fileufdy/apkstore.live/lapp/vendor/symfony/http-foundation/ServerBag.php on line 32
[10-Dec-2021 21:45:07 UTC] PHP Fatal error:  Trait 'Conner\Tagging\Taggable' not found in /home/fileufdy/apkstore.live/lapp/app/Application.php on line 8
[10-Dec-2021 21:45:29 UTC] PHP Fatal error:  Trait 'Conner\Tagging\Taggable' not found in /home/fileufdy/apkstore.live/lapp/app/Application.php on line 8
[10-Dec-2021 21:45:30 UTC] PHP Fatal error:  Trait 'Conner\Tagging\Taggable' not found in /home/fileufdy/apkstore.live/lapp/app/Application.php on line 8
[10-Dec-2021 21:45:31 UTC] PHP Fatal error:  Trait 'Conner\Tagging\Taggable' not found in /home/fileufdy/apkstore.live/lapp/app/Application.php on line 8
[10-Dec-2021 21:45:32 UTC] PHP Fatal error:  Trait 'Conner\Tagging\Taggable' not found in /home/fileufdy/apkstore.live/lapp/app/Application.php on line 8
[10-Dec-2021 21:45:33 UTC] PHP Fatal error:  Trait 'Conner\Tagging\Taggable' not found in /home/fileufdy/apkstore.live/lapp/app/Application.php on line 8
[10-Dec-2021 21:45:37 UTC] PHP Fatal error:  Trait 'Conner\Tagging\Taggable' not found in /home/fileufdy/apkstore.live/lapp/app/Application.php on line 8
[10-Dec-2021 21:46:01 UTC] PHP Fatal error:  Trait 'Conner\Tagging\Taggable' not found in /home/fileufdy/apkstore.live/lapp/app/Application.php on line 8
[10-Dec-2021 21:46:03 UTC] PHP Fatal error:  Trait 'Conner\Tagging\Taggable' not found in /home/fileufdy/apkstore.live/lapp/app/Application.php on line 8
[10-Dec-2021 21:46:18 UTC] PHP Fatal error:  Trait 'Conner\Tagging\Taggable' not found in /home/fileufdy/apkstore.live/lapp/app/Application.php on line 8
[10-Dec-2021 21:46:46 UTC] PHP Fatal error:  Trait 'Conner\Tagging\Taggable' not found in /home/fileufdy/apkstore.live/lapp/app/Application.php on line 8
[10-Dec-2021 21:46:48 UTC] PHP Fatal error:  Trait 'Conner\Tagging\Taggable' not found in /home/fileufdy/apkstore.live/lapp/app/Application.php on line 8
[10-Dec-2021 21:46:49 UTC] PHP Fatal error:  Trait 'Conner\Tagging\Taggable' not found in /home/fileufdy/apkstore.live/lapp/app/Application.php on line 8
[10-Dec-2021 21:46:50 UTC] PHP Fatal error:  Trait 'Conner\Tagging\Taggable' not found in /home/fileufdy/apkstore.live/lapp/app/Application.php on line 8
[10-Dec-2021 21:47:11 UTC] PHP Fatal error:  Trait 'Conner\Tagging\Taggable' not found in /home/fileufdy/apkstore.live/lapp/app/Application.php on line 8
[10-Dec-2021 21:47:33 UTC] PHP Fatal error:  Trait 'Conner\Tagging\Taggable' not found in /home/fileufdy/apkstore.live/lapp/app/Application.php on line 8
[10-Dec-2021 21:48:23 UTC] PHP Fatal error:  Trait 'Conner\Tagging\Taggable' not found in /home/fileufdy/apkstore.live/lapp/app/Application.php on line 8
[10-Dec-2021 21:48:49 UTC] PHP Fatal error:  Trait 'Conner\Tagging\Taggable' not found in /home/fileufdy/apkstore.live/lapp/app/Application.php on line 8
[10-Dec-2021 21:49:13 UTC] PHP Fatal error:  Trait 'Conner\Tagging\Taggable' not found in /home/fileufdy/apkstore.live/lapp/app/Application.php on line 8
[10-Dec-2021 21:50:42 UTC] PHP Fatal error:  Trait 'Conner\Tagging\Taggable' not found in /home/fileufdy/apkstore.live/lapp/app/Application.php on line 8
[10-Dec-2021 21:50:44 UTC] PHP Fatal error:  Trait 'Conner\Tagging\Taggable' not found in /home/fileufdy/apkstore.live/lapp/app/Application.php on line 8
[10-Dec-2021 21:53:32 UTC] PHP Fatal error:  Trait 'Conner\Tagging\Taggable' not found in /home/fileufdy/apkstore.live/lapp/app/Application.php on line 8
[10-Dec-2021 21:53:43 UTC] PHP Fatal error:  Trait 'Conner\Tagging\Taggable' not found in /home/fileufdy/apkstore.live/lapp/app/Application.php on line 8
[10-Dec-2021 21:55:04 UTC] PHP Fatal error:  Trait 'Conner\Tagging\Taggable' not found in /home/fileufdy/apkstore.live/lapp/app/Application.php on line 8
[10-Dec-2021 21:55:05 UTC] PHP Fatal error:  Trait 'Conner\Tagging\Taggable' not found in /home/fileufdy/apkstore.live/lapp/app/Application.php on line 8
[10-Dec-2021 21:55:16 UTC] PHP Fatal error:  Trait 'Conner\Tagging\Taggable' not found in /home/fileufdy/apkstore.live/lapp/app/Application.php on line 8
[10-Dec-2021 21:56:25 UTC] PHP Fatal error:  Trait 'Conner\Tagging\Taggable' not found in /home/fileufdy/apkstore.live/lapp/app/Application.php on line 8
[10-Dec-2021 21:57:18 UTC] PHP Fatal error:  Trait 'Conner\Tagging\Taggable' not found in /home/fileufdy/apkstore.live/lapp/app/Application.php on line 8
[10-Dec-2021 21:57:31 UTC] PHP Fatal error:  Trait 'Conner\Tagging\Taggable' not found in /home/fileufdy/apkstore.live/lapp/app/Application.php on line 8
[10-Dec-2021 21:57:56 UTC] PHP Fatal error:  Trait 'Conner\Tagging\Taggable' not found in /home/fileufdy/apkstore.live/lapp/app/Application.php on line 8
[10-Dec-2021 21:58:55 UTC] PHP Fatal error:  Trait 'Conner\Tagging\Taggable' not found in /home/fileufdy/apkstore.live/lapp/app/Application.php on line 8
[10-Dec-2021 21:59:38 UTC] PHP Fatal error:  Trait 'Conner\Tagging\Taggable' not found in /home/fileufdy/apkstore.live/lapp/app/Application.php on line 8
[10-Dec-2021 21:59:40 UTC] PHP Fatal error:  Trait 'Conner\Tagging\Taggable' not found in /home/fileufdy/apkstore.live/lapp/app/Application.php on line 8
[10-Dec-2021 22:02:24 UTC] PHP Fatal error:  Trait 'Conner\Tagging\Taggable' not found in /home/fileufdy/apkstore.live/lapp/app/Application.php on line 8
[10-Dec-2021 22:02:25 UTC] PHP Fatal error:  Trait 'Conner\Tagging\Taggable' not found in /home/fileufdy/apkstore.live/lapp/app/Application.php on line 8
[10-Dec-2021 22:02:27 UTC] PHP Fatal error:  Trait 'Conner\Tagging\Taggable' not found in /home/fileufdy/apkstore.live/lapp/app/Application.php on line 8
[10-Dec-2021 22:02:29 UTC] PHP Fatal error:  Trait 'Conner\Tagging\Taggable' not found in /home/fileufdy/apkstore.live/lapp/app/Application.php on line 8
[10-Dec-2021 22:02:37 UTC] PHP Fatal error:  Trait 'Conner\Tagging\Taggable' not found in /home/fileufdy/apkstore.live/lapp/app/Application.php on line 8
